 - [2024-04-10 12:06:33.406 +02:00  INF]  Now listening on: http://localhost:5181
 - [2024-04-10 12:06:33.532 +02:00  INF]  Application started. Press Ctrl+C to shut down.
 - [2024-04-10 12:06:33.534 +02:00  INF]  Hosting environment: Development
 - [2024-04-10 12:06:33.536 +02:00  INF]  Content root path: E:\LSI\RaportProject\RaportAPI\RaportAPI
 - [2024-04-10 12:06:37.381 +02:00  INF]  Request starting HTTP/1.1 GET http://localhost:5181/swagger - null null
 - [2024-04-10 12:06:38.222 +02:00  INF]  Request finished HTTP/1.1 GET http://localhost:5181/swagger - 301 0 null 853.5158ms
 - [2024-04-10 12:06:38.241 +02:00  INF]  Request starting HTTP/1.1 GET http://localhost:5181/swagger/index.html - null null
 - [2024-04-10 12:06:38.521 +02:00  INF]  Request finished HTTP/1.1 GET http://localhost:5181/swagger/index.html - 200 null text/html;charset=utf-8 279.781ms
 - [2024-04-10 12:06:40.303 +02:00  INF]  Request starting HTTP/1.1 GET http://localhost:5181/swagger/swagger-ui.css - null null
 - [2024-04-10 12:06:40.310 +02:00  INF]  Request starting HTTP/1.1 GET http://localhost:5181/swagger/swagger-ui-standalone-preset.js - null null
 - [2024-04-10 12:06:40.307 +02:00  INF]  Request starting HTTP/1.1 GET http://localhost:5181/swagger/swagger-ui-bundle.js - null null
 - [2024-04-10 12:06:40.362 +02:00  INF]  Sending file. Request path: '/swagger-ui.css'. Physical path: 'N/A'
 - [2024-04-10 12:06:40.362 +02:00  INF]  Sending file. Request path: '/swagger-ui-standalone-preset.js'. Physical path: 'N/A'
 - [2024-04-10 12:06:40.368 +02:00  INF]  Request finished HTTP/1.1 GET http://localhost:5181/swagger/swagger-ui.css - 200 144929 text/css 65.6662ms
 - [2024-04-10 12:06:40.370 +02:00  INF]  Request finished HTTP/1.1 GET http://localhost:5181/swagger/swagger-ui-standalone-preset.js - 200 312163 text/javascript 62.8593ms
 - [2024-04-10 12:06:40.392 +02:00  INF]  Sending file. Request path: '/swagger-ui-bundle.js'. Physical path: 'N/A'
 - [2024-04-10 12:06:40.397 +02:00  INF]  Request finished HTTP/1.1 GET http://localhost:5181/swagger/swagger-ui-bundle.js - 200 1061536 text/javascript 90.4772ms
 - [2024-04-10 12:06:40.457 +02:00  INF]  Request starting HTTP/1.1 GET http://localhost:5181/_framework/aspnetcore-browser-refresh.js - null null
 - [2024-04-10 12:06:40.465 +02:00  INF]  Request finished HTTP/1.1 GET http://localhost:5181/_framework/aspnetcore-browser-refresh.js - 200 13754 application/javascript; charset=utf-8 7.5368ms
 - [2024-04-10 12:06:40.607 +02:00  INF]  Request starting HTTP/1.1 GET http://localhost:5181/_vs/browserLink - null null
 - [2024-04-10 12:06:40.667 +02:00  INF]  Request finished HTTP/1.1 GET http://localhost:5181/_vs/browserLink - 200 null text/javascript; charset=UTF-8 60.7234ms
 - [2024-04-10 12:06:41.201 +02:00  INF]  Request starting HTTP/1.1 GET http://localhost:5181/swagger/v1/swagger.json - null null
 - [2024-04-10 12:06:41.348 +02:00  INF]  Request starting HTTP/1.1 GET http://localhost:5181/swagger/favicon-32x32.png - null null
 - [2024-04-10 12:06:41.351 +02:00  INF]  Sending file. Request path: '/favicon-32x32.png'. Physical path: 'N/A'
 - [2024-04-10 12:06:41.354 +02:00  INF]  Request finished HTTP/1.1 GET http://localhost:5181/swagger/favicon-32x32.png - 200 628 image/png 6.9691ms
 - [2024-04-10 12:06:41.356 +02:00  INF]  Request finished HTTP/1.1 GET http://localhost:5181/swagger/v1/swagger.json - 200 null application/json;charset=utf-8 155.0623ms
 - [2024-04-10 12:09:06.716 +02:00  INF]  Request starting HTTP/1.1 GET http://localhost:5181/swagger/index.html - null null
 - [2024-04-10 12:09:07.453 +02:00  INF]  Request finished HTTP/1.1 GET http://localhost:5181/swagger/index.html - 200 null text/html;charset=utf-8 736.6459ms
 - [2024-04-10 12:09:07.611 +02:00  INF]  Request starting HTTP/1.1 GET http://localhost:5181/_vs/browserLink - null null
 - [2024-04-10 12:09:08.721 +02:00  INF]  Request starting HTTP/1.1 GET http://localhost:5181/_framework/aspnetcore-browser-refresh.js - null null
 - [2024-04-10 12:09:08.758 +02:00  INF]  Request finished HTTP/1.1 GET http://localhost:5181/_framework/aspnetcore-browser-refresh.js - 200 13754 application/javascript; charset=utf-8 34.3314ms
 - [2024-04-10 12:09:09.220 +02:00  INF]  Request finished HTTP/1.1 GET http://localhost:5181/_vs/browserLink - 200 null text/javascript; charset=UTF-8 1615.4311ms
 - [2024-04-10 12:09:09.334 +02:00  INF]  Request starting HTTP/1.1 GET http://localhost:5181/swagger/v1/swagger.json - null null
 - [2024-04-10 12:09:09.345 +02:00  INF]  Request finished HTTP/1.1 GET http://localhost:5181/swagger/v1/swagger.json - 200 null application/json;charset=utf-8 11.0266ms
 - [2024-04-10 12:09:15.951 +02:00  INF]  Request starting HTTP/1.1 GET http://localhost:5181/api/exports-history?page=1&range=10 - null null
 - [2024-04-10 12:09:17.761 +02:00  WRN]  Failed to determine the https port for redirect.
 - [2024-04-10 12:09:18.144 +02:00  INF]  Executing endpoint 'RaportAPI.Controllers.ExportsHistoryController.GetExportsHistory (RaportAPI)'
 - [2024-04-10 12:09:18.787 +02:00  INF]  Route matched with {action = "GetExportsHistory", controller = "ExportsHistory"}. Executing controller action with signature System.Threading.Tasks.Task`1[Microsoft.AspNetCore.Mvc.ActionResult`1[RaportAPI.Core.Application.Raports.Queries.GetRaports.ExportHistoryVm]] GetExportsHistory(Int32, Int32, System.String, System.String, System.String, System.Threading.CancellationToken) on controller RaportAPI.Controllers.ExportsHistoryController (RaportAPI).
 - [2024-04-10 12:09:19.899 +02:00  INF]  Executing action method RaportAPI.Controllers.ExportsHistoryController.GetExportsHistory (RaportAPI) - Validation state: "Valid"
 - [2024-04-10 12:09:30.066 +02:00  INF]  Executed DbCommand (195ms) [Parameters=[], CommandType='"Text"', CommandTimeout='30']
SELECT count(*)::int
FROM exporthistory AS e
 - [2024-04-10 12:09:31.367 +02:00  INF]  Long Running Request: GetExportHistoryQuery (11365 milliseconds) {"Range":10,"PageNumber":1,"LocationName":null,"StartDate":null,"EndDate":null,"$type":"GetExportHistoryQuery"}
 - [2024-04-10 12:09:31.367 +02:00  INF]  Executed DbCommand (304ms) [Parameters=[@__p_0='?' (DbType = Int32)], CommandType='"Text"', CommandTimeout='30']
SELECT e.id, e.exportdatetime, e.exportname, e.locationname, e.username
FROM exporthistory AS e
ORDER BY e.exportdatetime
LIMIT @__p_0
 - [2024-04-10 12:09:33.587 +02:00  INF]  Executed action method RaportAPI.Controllers.ExportsHistoryController.GetExportsHistory (RaportAPI), returned result Microsoft.AspNetCore.Mvc.ObjectResult in 13629.6327ms.
 - [2024-04-10 12:09:33.641 +02:00  INF]  Executing ObjectResult, writing value of type 'RaportAPI.Core.Application.Raports.Queries.GetRaports.ExportHistoryVm'.
 - [2024-04-10 12:09:33.988 +02:00  INF]  Executed action RaportAPI.Controllers.ExportsHistoryController.GetExportsHistory (RaportAPI) in 15149.2954ms
 - [2024-04-10 12:09:34.040 +02:00  INF]  Executed endpoint 'RaportAPI.Controllers.ExportsHistoryController.GetExportsHistory (RaportAPI)'
 - [2024-04-10 12:09:34.127 +02:00  INF]  Request finished HTTP/1.1 GET http://localhost:5181/api/exports-history?page=1&range=10 - 200 null application/json; charset=utf-8 18176.377ms
 - [2024-04-10 12:10:30.494 +02:00  INF]  Now listening on: http://localhost:5181
 - [2024-04-10 12:10:30.798 +02:00  INF]  Application started. Press Ctrl+C to shut down.
 - [2024-04-10 12:10:31.169 +02:00  INF]  Hosting environment: Development
 - [2024-04-10 12:10:31.171 +02:00  INF]  Content root path: E:\LSI\RaportProject\RaportAPI\RaportAPI
 - [2024-04-10 12:10:32.715 +02:00  INF]  Request starting HTTP/1.1 GET http://localhost:5181/swagger/index.html - null null
 - [2024-04-10 12:10:41.807 +02:00  INF]  Request finished HTTP/1.1 GET http://localhost:5181/swagger/index.html - 200 null text/html;charset=utf-8 9096.0443ms
 - [2024-04-10 12:10:42.332 +02:00  INF]  Request starting HTTP/1.1 GET http://localhost:5181/_vs/browserLink - null null
 - [2024-04-10 12:10:44.109 +02:00  INF]  Request starting HTTP/1.1 GET http://localhost:5181/_framework/aspnetcore-browser-refresh.js - null null
 - [2024-04-10 12:10:44.662 +02:00  INF]  Request finished HTTP/1.1 GET http://localhost:5181/_vs/browserLink - 200 null text/javascript; charset=UTF-8 2328.7486ms
 - [2024-04-10 12:10:45.282 +02:00  INF]  Request finished HTTP/1.1 GET http://localhost:5181/_framework/aspnetcore-browser-refresh.js - 200 13754 application/javascript; charset=utf-8 1173.3251ms
 - [2024-04-10 12:10:46.886 +02:00  INF]  Request starting HTTP/1.1 GET http://localhost:5181/swagger/v1/swagger.json - null null
 - [2024-04-10 12:10:47.336 +02:00  INF]  Request finished HTTP/1.1 GET http://localhost:5181/swagger/v1/swagger.json - 200 null application/json;charset=utf-8 449.3772ms
 - [2024-04-10 12:10:54.477 +02:00  INF]  Request starting HTTP/1.1 GET http://localhost:5181/api/exports-history?page=1&range=10 - null null
 - [2024-04-10 12:10:55.043 +02:00  WRN]  Failed to determine the https port for redirect.
 - [2024-04-10 12:10:55.218 +02:00  INF]  Executing endpoint 'RaportAPI.Controllers.ExportsHistoryController.GetExportsHistory (RaportAPI)'
 - [2024-04-10 12:10:55.808 +02:00  INF]  Route matched with {action = "GetExportsHistory", controller = "ExportsHistory"}. Executing controller action with signature System.Threading.Tasks.Task`1[Microsoft.AspNetCore.Mvc.ActionResult`1[RaportAPI.Core.Application.Raports.Queries.GetRaports.ExportHistoryVm]] GetExportsHistory(Int32, Int32, System.String, System.String, System.String, System.Threading.CancellationToken) on controller RaportAPI.Controllers.ExportsHistoryController (RaportAPI).
 - [2024-04-10 12:10:57.341 +02:00  INF]  Executing action method RaportAPI.Controllers.ExportsHistoryController.GetExportsHistory (RaportAPI) - Validation state: "Valid"
 - [2024-04-10 12:11:03.076 +02:00  INF]  Executed DbCommand (49ms) [Parameters=[], CommandType='"Text"', CommandTimeout='30']
SELECT count(*)::int
FROM exporthistory AS e
 - [2024-04-10 12:11:03.913 +02:00  INF]  Executed DbCommand (32ms) [Parameters=[@__p_0='?' (DbType = Int32)], CommandType='"Text"', CommandTimeout='30']
SELECT e.id, e.exportdatetime, e.exportname, e.locationname, e.username
FROM exporthistory AS e
ORDER BY e.exportdatetime
LIMIT @__p_0
 - [2024-04-10 12:11:05.018 +02:00  INF]  Long Running Request: GetExportHistoryQuery (7640 milliseconds) {"Range":10,"PageNumber":1,"LocationName":null,"StartDate":null,"EndDate":null,"$type":"GetExportHistoryQuery"}
 - [2024-04-10 12:11:06.197 +02:00  INF]  Executed action method RaportAPI.Controllers.ExportsHistoryController.GetExportsHistory (RaportAPI), returned result Microsoft.AspNetCore.Mvc.ObjectResult in 8820.7479ms.
 - [2024-04-10 12:11:06.849 +02:00  INF]  Executing ObjectResult, writing value of type 'RaportAPI.Core.Application.Raports.Queries.GetRaports.ExportHistoryVm'.
 - [2024-04-10 12:11:07.429 +02:00  INF]  Executed action RaportAPI.Controllers.ExportsHistoryController.GetExportsHistory (RaportAPI) in 10751.8744ms
 - [2024-04-10 12:11:07.457 +02:00  INF]  Executed endpoint 'RaportAPI.Controllers.ExportsHistoryController.GetExportsHistory (RaportAPI)'
 - [2024-04-10 12:11:07.504 +02:00  INF]  Request finished HTTP/1.1 GET http://localhost:5181/api/exports-history?page=1&range=10 - 200 null application/json; charset=utf-8 13026.4194ms
 - [2024-04-10 10:13:43.660 +00:00  INF]  Now listening on: http://[::]:8080
 - [2024-04-10 10:13:43.915 +00:00  INF]  Now listening on: https://[::]:8081
 - [2024-04-10 10:13:43.929 +00:00  INF]  Application started. Press Ctrl+C to shut down.
 - [2024-04-10 10:13:43.931 +00:00  INF]  Hosting environment: Development
 - [2024-04-10 10:13:43.959 +00:00  INF]  Content root path: /app
 - [2024-04-10 10:13:49.974 +00:00  INF]  Request starting HTTP/2 GET https://localhost:32770/swagger - null null
 - [2024-04-10 10:13:50.347 +00:00  INF]  Request finished HTTP/2 GET https://localhost:32770/swagger - 301 0 null 388.9812ms
 - [2024-04-10 10:13:50.504 +00:00  INF]  Request starting HTTP/2 GET https://localhost:32770/swagger/index.html - null null
 - [2024-04-10 10:13:51.151 +00:00  INF]  Request finished HTTP/2 GET https://localhost:32770/swagger/index.html - 200 null text/html;charset=utf-8 646.2367ms
 - [2024-04-10 10:13:52.068 +00:00  INF]  Request starting HTTP/2 GET https://localhost:32770/swagger/swagger-ui.css - null null
 - [2024-04-10 10:13:52.068 +00:00  INF]  Request starting HTTP/2 GET https://localhost:32770/swagger/swagger-ui-bundle.js - null null
 - [2024-04-10 10:13:52.068 +00:00  INF]  Request starting HTTP/2 GET https://localhost:32770/swagger/swagger-ui-standalone-preset.js - null null
 - [2024-04-10 10:13:53.253 +00:00  INF]  Sending file. Request path: '/swagger-ui.css'. Physical path: 'N/A'
 - [2024-04-10 10:13:53.283 +00:00  INF]  Sending file. Request path: '/swagger-ui-standalone-preset.js'. Physical path: 'N/A'
 - [2024-04-10 10:13:53.296 +00:00  INF]  Request finished HTTP/2 GET https://localhost:32770/swagger/swagger-ui.css - 200 144929 text/css 1228.4908ms
 - [2024-04-10 10:13:53.312 +00:00  INF]  Request finished HTTP/2 GET https://localhost:32770/swagger/swagger-ui-standalone-preset.js - 200 312163 text/javascript 1243.9036ms
 - [2024-04-10 10:13:54.767 +00:00  INF]  Sending file. Request path: '/swagger-ui-bundle.js'. Physical path: 'N/A'
 - [2024-04-10 10:13:54.778 +00:00  INF]  Request finished HTTP/2 GET https://localhost:32770/swagger/swagger-ui-bundle.js - 200 1061536 text/javascript 2710.2458ms
 - [2024-04-10 10:13:55.233 +00:00  INF]  Request starting HTTP/2 GET https://localhost:32770/swagger/favicon-32x32.png - null null
 - [2024-04-10 10:13:55.233 +00:00  INF]  Request starting HTTP/2 GET https://localhost:32770/swagger/v1/swagger.json - null null
 - [2024-04-10 10:13:55.264 +00:00  INF]  Sending file. Request path: '/favicon-32x32.png'. Physical path: 'N/A'
 - [2024-04-10 10:13:55.266 +00:00  INF]  Request finished HTTP/2 GET https://localhost:32770/swagger/favicon-32x32.png - 200 628 image/png 33.7011ms
 - [2024-04-10 10:13:55.686 +00:00  INF]  Request finished HTTP/2 GET https://localhost:32770/swagger/v1/swagger.json - 200 null application/json;charset=utf-8 453.3682ms
 - [2024-04-10 10:14:12.107 +00:00  INF]  Request starting HTTP/2 GET https://localhost:32770/api/exports-history?page=1&range=10 - null null
 - [2024-04-10 10:14:12.286 +00:00  INF]  Executing endpoint 'RaportAPI.Controllers.ExportsHistoryController.GetExportsHistory (RaportAPI)'
 - [2024-04-10 10:14:12.411 +00:00  INF]  Route matched with {action = "GetExportsHistory", controller = "ExportsHistory"}. Executing controller action with signature System.Threading.Tasks.Task`1[Microsoft.AspNetCore.Mvc.ActionResult`1[RaportAPI.Core.Application.Raports.Queries.GetRaports.ExportHistoryVm]] GetExportsHistory(Int32, Int32, System.String, System.String, System.String, System.Threading.CancellationToken) on controller RaportAPI.Controllers.ExportsHistoryController (RaportAPI).
 - [2024-04-10 10:14:16.925 +00:00  ERR]  An error occurred using the connection to database 'RaportsDB' on server 'tcp://localhost:5432'.
 - [2024-04-10 10:14:16.999 +00:00  ERR]  An exception occurred while iterating over the results of a query for context type 'RaportAPI.Infrastructure.Persistence.RaportsDbContext'.
System.InvalidOperationException: An exception has been raised that is likely due to a transient failure.
 ---> Npgsql.NpgsqlException (0x80004005): Failed to connect to [::1]:5432
 ---> System.Net.Sockets.SocketException (99): Cannot assign requested address [::1]:5432
   at System.Net.Sockets.Socket.DoConnect(EndPoint endPointSnapshot, SocketAddress socketAddress)
   at System.Net.Sockets.Socket.Connect(EndPoint remoteEP)
   at Npgsql.Internal.NpgsqlConnector.Connect(NpgsqlTimeout timeout)
   at Npgsql.Internal.NpgsqlConnector.Connect(NpgsqlTimeout timeout)
   at Npgsql.Internal.NpgsqlConnector.RawOpen(SslMode sslMode, NpgsqlTimeout timeout, Boolean async, CancellationToken cancellationToken, Boolean isFirstAttempt)
   at Npgsql.Internal.NpgsqlConnector.<Open>g__OpenCore|213_1(NpgsqlConnector conn, SslMode sslMode, NpgsqlTimeout timeout, Boolean async, CancellationToken cancellationToken, Boolean isFirstAttempt)
   at Npgsql.Internal.NpgsqlConnector.Open(NpgsqlTimeout timeout, Boolean async, CancellationToken cancellationToken)
   at Npgsql.PoolingDataSource.OpenNewConnector(NpgsqlConnection conn, NpgsqlTimeout timeout, Boolean async, CancellationToken cancellationToken)
   at Npgsql.PoolingDataSource.<Get>g__RentAsync|34_0(NpgsqlConnection conn, NpgsqlTimeout timeout, Boolean async, CancellationToken cancellationToken)
   at Npgsql.NpgsqlConnection.<Open>g__OpenAsync|42_0(Boolean async, CancellationToken cancellationToken)
   at Npgsql.NpgsqlConnection.Open()
   at Microsoft.EntityFrameworkCore.Storage.RelationalConnection.OpenDbConnection(Boolean errorsExpected)
   at Microsoft.EntityFrameworkCore.Storage.RelationalConnection.OpenInternal(Boolean errorsExpected)
   at Microsoft.EntityFrameworkCore.Storage.RelationalConnection.Open(Boolean errorsExpected)
   at Microsoft.EntityFrameworkCore.Storage.RelationalCommand.ExecuteReader(RelationalCommandParameterObject parameterObject)
   at Microsoft.EntityFrameworkCore.Query.Internal.SingleQueryingEnumerable`1.Enumerator.InitializeReader(Enumerator enumerator)
   at Microsoft.EntityFrameworkCore.Query.Internal.SingleQueryingEnumerable`1.Enumerator.<>c.<MoveNext>b__21_0(DbContext _, Enumerator enumerator)
   at Npgsql.EntityFrameworkCore.PostgreSQL.Storage.Internal.NpgsqlExecutionStrategy.Execute[TState,TResult](TState state, Func`3 operation, Func`3 verifySucceeded)
   --- End of inner exception stack trace ---
   at Npgsql.EntityFrameworkCore.PostgreSQL.Storage.Internal.NpgsqlExecutionStrategy.Execute[TState,TResult](TState state, Func`3 operation, Func`3 verifySucceeded)
   at Microsoft.EntityFrameworkCore.Query.Internal.SingleQueryingEnumerable`1.Enumerator.MoveNext()
System.InvalidOperationException: An exception has been raised that is likely due to a transient failure.
 ---> Npgsql.NpgsqlException (0x80004005): Failed to connect to [::1]:5432
 ---> System.Net.Sockets.SocketException (99): Cannot assign requested address [::1]:5432
   at System.Net.Sockets.Socket.DoConnect(EndPoint endPointSnapshot, SocketAddress socketAddress)
   at System.Net.Sockets.Socket.Connect(EndPoint remoteEP)
   at Npgsql.Internal.NpgsqlConnector.Connect(NpgsqlTimeout timeout)
   at Npgsql.Internal.NpgsqlConnector.Connect(NpgsqlTimeout timeout)
   at Npgsql.Internal.NpgsqlConnector.RawOpen(SslMode sslMode, NpgsqlTimeout timeout, Boolean async, CancellationToken cancellationToken, Boolean isFirstAttempt)
   at Npgsql.Internal.NpgsqlConnector.<Open>g__OpenCore|213_1(NpgsqlConnector conn, SslMode sslMode, NpgsqlTimeout timeout, Boolean async, CancellationToken cancellationToken, Boolean isFirstAttempt)
   at Npgsql.Internal.NpgsqlConnector.Open(NpgsqlTimeout timeout, Boolean async, CancellationToken cancellationToken)
   at Npgsql.PoolingDataSource.OpenNewConnector(NpgsqlConnection conn, NpgsqlTimeout timeout, Boolean async, CancellationToken cancellationToken)
   at Npgsql.PoolingDataSource.<Get>g__RentAsync|34_0(NpgsqlConnection conn, NpgsqlTimeout timeout, Boolean async, CancellationToken cancellationToken)
   at Npgsql.NpgsqlConnection.<Open>g__OpenAsync|42_0(Boolean async, CancellationToken cancellationToken)
   at Npgsql.NpgsqlConnection.Open()
   at Microsoft.EntityFrameworkCore.Storage.RelationalConnection.OpenDbConnection(Boolean errorsExpected)
   at Microsoft.EntityFrameworkCore.Storage.RelationalConnection.OpenInternal(Boolean errorsExpected)
   at Microsoft.EntityFrameworkCore.Storage.RelationalConnection.Open(Boolean errorsExpected)
   at Microsoft.EntityFrameworkCore.Storage.RelationalCommand.ExecuteReader(RelationalCommandParameterObject parameterObject)
   at Microsoft.EntityFrameworkCore.Query.Internal.SingleQueryingEnumerable`1.Enumerator.InitializeReader(Enumerator enumerator)
   at Microsoft.EntityFrameworkCore.Query.Internal.SingleQueryingEnumerable`1.Enumerator.<>c.<MoveNext>b__21_0(DbContext _, Enumerator enumerator)
   at Npgsql.EntityFrameworkCore.PostgreSQL.Storage.Internal.NpgsqlExecutionStrategy.Execute[TState,TResult](TState state, Func`3 operation, Func`3 verifySucceeded)
   --- End of inner exception stack trace ---
   at Npgsql.EntityFrameworkCore.PostgreSQL.Storage.Internal.NpgsqlExecutionStrategy.Execute[TState,TResult](TState state, Func`3 operation, Func`3 verifySucceeded)
   at Microsoft.EntityFrameworkCore.Query.Internal.SingleQueryingEnumerable`1.Enumerator.MoveNext()
 - [2024-04-10 10:14:17.387 +00:00  INF]  Long Running Request: GetExportHistoryQuery (4856 milliseconds) {"Range":10,"PageNumber":1,"LocationName":null,"StartDate":null,"EndDate":null,"$type":"GetExportHistoryQuery"}
 - [2024-04-10 10:14:17.538 +00:00  INF]  Executed action RaportAPI.Controllers.ExportsHistoryController.GetExportsHistory (RaportAPI) in 5084.8451ms
 - [2024-04-10 10:14:17.541 +00:00  INF]  Executed endpoint 'RaportAPI.Controllers.ExportsHistoryController.GetExportsHistory (RaportAPI)'
 - [2024-04-10 10:14:17.614 +00:00  ERR]  Something went wrong: System.InvalidOperationException: An exception has been raised that is likely due to a transient failure.
 ---> Npgsql.NpgsqlException (0x80004005): Failed to connect to [::1]:5432
 ---> System.Net.Sockets.SocketException (99): Cannot assign requested address [::1]:5432
   at System.Net.Sockets.Socket.DoConnect(EndPoint endPointSnapshot, SocketAddress socketAddress)
   at System.Net.Sockets.Socket.Connect(EndPoint remoteEP)
   at Npgsql.Internal.NpgsqlConnector.Connect(NpgsqlTimeout timeout)
   at Npgsql.Internal.NpgsqlConnector.Connect(NpgsqlTimeout timeout)
   at Npgsql.Internal.NpgsqlConnector.RawOpen(SslMode sslMode, NpgsqlTimeout timeout, Boolean async, CancellationToken cancellationToken, Boolean isFirstAttempt)
   at Npgsql.Internal.NpgsqlConnector.<Open>g__OpenCore|213_1(NpgsqlConnector conn, SslMode sslMode, NpgsqlTimeout timeout, Boolean async, CancellationToken cancellationToken, Boolean isFirstAttempt)
   at Npgsql.Internal.NpgsqlConnector.Open(NpgsqlTimeout timeout, Boolean async, CancellationToken cancellationToken)
   at Npgsql.PoolingDataSource.OpenNewConnector(NpgsqlConnection conn, NpgsqlTimeout timeout, Boolean async, CancellationToken cancellationToken)
   at Npgsql.PoolingDataSource.<Get>g__RentAsync|34_0(NpgsqlConnection conn, NpgsqlTimeout timeout, Boolean async, CancellationToken cancellationToken)
   at Npgsql.NpgsqlConnection.<Open>g__OpenAsync|42_0(Boolean async, CancellationToken cancellationToken)
   at Npgsql.NpgsqlConnection.Open()
   at Microsoft.EntityFrameworkCore.Storage.RelationalConnection.OpenDbConnection(Boolean errorsExpected)
   at Microsoft.EntityFrameworkCore.Storage.RelationalConnection.OpenInternal(Boolean errorsExpected)
   at Microsoft.EntityFrameworkCore.Storage.RelationalConnection.Open(Boolean errorsExpected)
   at Microsoft.EntityFrameworkCore.Storage.RelationalCommand.ExecuteReader(RelationalCommandParameterObject parameterObject)
   at Microsoft.EntityFrameworkCore.Query.Internal.SingleQueryingEnumerable`1.Enumerator.InitializeReader(Enumerator enumerator)
   at Microsoft.EntityFrameworkCore.Query.Internal.SingleQueryingEnumerable`1.Enumerator.<>c.<MoveNext>b__21_0(DbContext _, Enumerator enumerator)
   at Npgsql.EntityFrameworkCore.PostgreSQL.Storage.Internal.NpgsqlExecutionStrategy.Execute[TState,TResult](TState state, Func`3 operation, Func`3 verifySucceeded)
   --- End of inner exception stack trace ---
   at Npgsql.EntityFrameworkCore.PostgreSQL.Storage.Internal.NpgsqlExecutionStrategy.Execute[TState,TResult](TState state, Func`3 operation, Func`3 verifySucceeded)
   at Microsoft.EntityFrameworkCore.Query.Internal.SingleQueryingEnumerable`1.Enumerator.MoveNext()
   at System.Linq.Enumerable.TryGetSingle[TSource](IEnumerable`1 source, Boolean& found)
   at lambda_method13(Closure, QueryContext)
   at Microsoft.EntityFrameworkCore.Query.Internal.QueryCompiler.Execute[TResult](Expression query)
   at Microsoft.EntityFrameworkCore.Query.Internal.EntityQueryProvider.Execute[TResult](Expression expression)
   at RaportAPI.Infrastructure.Infrastructure.Services.ExportsHistoryService.GetExportsHistoryAsync(GetExportHistoryQuery query, CancellationToken cancellationToken) in E:\LSI\RaportProject\RaportAPI\RaportAPI\Infrastructure\Infrastructure\Services\ExportsHistoryService.cs:line 42
   at RaportAPI.Core.Application.Raports.Queries.GetRaports.GetExportHistoryQueryHandler.Handle(GetExportHistoryQuery request, CancellationToken cancellationToken) in E:\LSI\RaportProject\RaportAPI\RaportAPI\Core\Application\ExportHistory\Queries\GetExportHistory\GetExportHistoryQueryHandler.cs:line 17
   at RaportAPI.Core.Application.Common.Behaviours.ValidationBehaviour`2.Handle(TRequest request, RequestHandlerDelegate`1 next, CancellationToken cancellationToken) in E:\LSI\RaportProject\RaportAPI\RaportAPI\Core\Application\Common\Behaviours\ValidationBehaviour.cs:line 28
   at RaportAPI.Controllers.ExportsHistoryController.GetExportsHistory(Int32 page, Int32 range, String locationName, String startDate, String endDate, CancellationToken cancellationToken) in E:\LSI\RaportProject\RaportAPI\RaportAPI\Controllers\ExportsHistoryController.cs:line 58
   at lambda_method6(Closure, Object)
   at Microsoft.AspNetCore.Mvc.Infrastructure.ActionMethodExecutor.AwaitableObjectResultExecutor.Execute(ActionContext actionContext, IActionResultTypeMapper mapper, ObjectMethodExecutor executor, Object controller, Object[] arguments)
   at Microsoft.AspNetCore.Mvc.Infrastructure.ControllerActionInvoker.<InvokeActionMethodAsync>g__Awaited|12_0(ControllerActionInvoker invoker, ValueTask`1 actionResultValueTask)
   at Microsoft.AspNetCore.Mvc.Infrastructure.ControllerActionInvoker.<InvokeNextActionFilterAsync>g__Awaited|10_0(ControllerActionInvoker invoker, Task lastTask, State next, Scope scope, Object state, Boolean isCompleted)
   at Microsoft.AspNetCore.Mvc.Infrastructure.ControllerActionInvoker.Rethrow(ActionExecutedContextSealed context)
   at Microsoft.AspNetCore.Mvc.Infrastructure.ControllerActionInvoker.Next(State& next, Scope& scope, Object& state, Boolean& isCompleted)
   at Microsoft.AspNetCore.Mvc.Infrastructure.ControllerActionInvoker.InvokeInnerFilterAsync()
--- End of stack trace from previous location ---
   at Microsoft.AspNetCore.Mvc.Infrastructure.ResourceInvoker.<InvokeFilterPipelineAsync>g__Awaited|20_0(ResourceInvoker invoker, Task lastTask, State next, Scope scope, Object state, Boolean isCompleted)
   at Microsoft.AspNetCore.Mvc.Infrastructure.ResourceInvoker.<InvokeAsync>g__Logged|17_1(ResourceInvoker invoker)
   at Microsoft.AspNetCore.Mvc.Infrastructure.ResourceInvoker.<InvokeAsync>g__Logged|17_1(ResourceInvoker invoker)
   at Microsoft.AspNetCore.Routing.EndpointMiddleware.<Invoke>g__AwaitRequestTask|7_0(Endpoint endpoint, Task requestTask, ILogger logger)
   at RaportAPI.Core.Common.Middlewares.GlobalErrorHandlingMiddleware.InvokeAsync(HttpContext httpContext) in E:\LSI\RaportProject\RaportAPI\RaportAPI\Core\Common\Middlewares\GlobalErrorHandlingMiddleware.cs:line 21
 - [2024-04-10 10:14:18.214 +00:00  INF]  Request finished HTTP/2 GET https://localhost:32770/api/exports-history?page=1&range=10 - 500 null application/json 6087.5241ms
 - [2024-04-10 10:17:50.267 +00:00  INF]  Now listening on: http://[::]:8080
 - [2024-04-10 10:17:50.358 +00:00  INF]  Now listening on: https://[::]:8081
 - [2024-04-10 10:17:50.369 +00:00  INF]  Application started. Press Ctrl+C to shut down.
 - [2024-04-10 10:17:50.371 +00:00  INF]  Hosting environment: Development
 - [2024-04-10 10:17:50.376 +00:00  INF]  Content root path: /app
 - [2024-04-10 10:17:52.035 +00:00  INF]  Request starting HTTP/2 GET https://localhost:32770/swagger/index.html - null null
 - [2024-04-10 10:17:52.460 +00:00  INF]  Request finished HTTP/2 GET https://localhost:32770/swagger/index.html - 200 null text/html;charset=utf-8 438.7387ms
 - [2024-04-10 10:17:54.150 +00:00  INF]  Request starting HTTP/2 GET https://localhost:32770/swagger/v1/swagger.json - null null
 - [2024-04-10 10:17:54.477 +00:00  INF]  Request finished HTTP/2 GET https://localhost:32770/swagger/v1/swagger.json - 200 null application/json;charset=utf-8 327.0635ms
 - [2024-04-10 10:20:29.966 +00:00  INF]  Request starting HTTP/2 GET https://localhost:32770/api/exports-history?page=1&range=10 - null null
 - [2024-04-10 10:20:30.382 +00:00  INF]  Executing endpoint 'RaportAPI.Controllers.ExportsHistoryController.GetExportsHistory (RaportAPI)'
 - [2024-04-10 10:20:30.478 +00:00  INF]  Route matched with {action = "GetExportsHistory", controller = "ExportsHistory"}. Executing controller action with signature System.Threading.Tasks.Task`1[Microsoft.AspNetCore.Mvc.ActionResult`1[RaportAPI.Core.Application.Raports.Queries.GetRaports.ExportHistoryVm]] GetExportsHistory(Int32, Int32, System.String, System.String, System.String, System.Threading.CancellationToken) on controller RaportAPI.Controllers.ExportsHistoryController (RaportAPI).
 - [2024-04-10 10:20:39.292 +00:00  ERR]  An error occurred using the connection to database 'RaportsDB' on server 'tcp://RaportsDB:5432'.
 - [2024-04-10 10:20:39.526 +00:00  ERR]  An exception occurred while iterating over the results of a query for context type 'RaportAPI.Infrastructure.Persistence.RaportsDbContext'.
System.Net.Sockets.SocketException (00000005, 0xFFFDFFFF): Name or service not known
   at System.Net.Dns.GetHostEntryOrAddressesCore(String hostName, Boolean justAddresses, AddressFamily addressFamily, Nullable`1 startingTimestamp)
   at System.Net.Dns.GetHostAddresses(String hostNameOrAddress, AddressFamily family)
   at Npgsql.Internal.NpgsqlConnector.Connect(NpgsqlTimeout timeout)
   at Npgsql.Internal.NpgsqlConnector.RawOpen(SslMode sslMode, NpgsqlTimeout timeout, Boolean async, CancellationToken cancellationToken, Boolean isFirstAttempt)
   at Npgsql.Internal.NpgsqlConnector.<Open>g__OpenCore|213_1(NpgsqlConnector conn, SslMode sslMode, NpgsqlTimeout timeout, Boolean async, CancellationToken cancellationToken, Boolean isFirstAttempt)
   at Npgsql.Internal.NpgsqlConnector.Open(NpgsqlTimeout timeout, Boolean async, CancellationToken cancellationToken)
   at Npgsql.PoolingDataSource.OpenNewConnector(NpgsqlConnection conn, NpgsqlTimeout timeout, Boolean async, CancellationToken cancellationToken)
   at Npgsql.PoolingDataSource.<Get>g__RentAsync|34_0(NpgsqlConnection conn, NpgsqlTimeout timeout, Boolean async, CancellationToken cancellationToken)
   at Npgsql.NpgsqlConnection.<Open>g__OpenAsync|42_0(Boolean async, CancellationToken cancellationToken)
   at Npgsql.NpgsqlConnection.Open()
   at Microsoft.EntityFrameworkCore.Storage.RelationalConnection.OpenDbConnection(Boolean errorsExpected)
   at Microsoft.EntityFrameworkCore.Storage.RelationalConnection.OpenInternal(Boolean errorsExpected)
   at Microsoft.EntityFrameworkCore.Storage.RelationalConnection.Open(Boolean errorsExpected)
   at Microsoft.EntityFrameworkCore.Storage.RelationalCommand.ExecuteReader(RelationalCommandParameterObject parameterObject)
   at Microsoft.EntityFrameworkCore.Query.Internal.SingleQueryingEnumerable`1.Enumerator.InitializeReader(Enumerator enumerator)
   at Microsoft.EntityFrameworkCore.Query.Internal.SingleQueryingEnumerable`1.Enumerator.<>c.<MoveNext>b__21_0(DbContext _, Enumerator enumerator)
   at Npgsql.EntityFrameworkCore.PostgreSQL.Storage.Internal.NpgsqlExecutionStrategy.Execute[TState,TResult](TState state, Func`3 operation, Func`3 verifySucceeded)
   at Microsoft.EntityFrameworkCore.Query.Internal.SingleQueryingEnumerable`1.Enumerator.MoveNext()
System.Net.Sockets.SocketException (00000005, 0xFFFDFFFF): Name or service not known
   at System.Net.Dns.GetHostEntryOrAddressesCore(String hostName, Boolean justAddresses, AddressFamily addressFamily, Nullable`1 startingTimestamp)
   at System.Net.Dns.GetHostAddresses(String hostNameOrAddress, AddressFamily family)
   at Npgsql.Internal.NpgsqlConnector.Connect(NpgsqlTimeout timeout)
   at Npgsql.Internal.NpgsqlConnector.RawOpen(SslMode sslMode, NpgsqlTimeout timeout, Boolean async, CancellationToken cancellationToken, Boolean isFirstAttempt)
   at Npgsql.Internal.NpgsqlConnector.<Open>g__OpenCore|213_1(NpgsqlConnector conn, SslMode sslMode, NpgsqlTimeout timeout, Boolean async, CancellationToken cancellationToken, Boolean isFirstAttempt)
   at Npgsql.Internal.NpgsqlConnector.Open(NpgsqlTimeout timeout, Boolean async, CancellationToken cancellationToken)
   at Npgsql.PoolingDataSource.OpenNewConnector(NpgsqlConnection conn, NpgsqlTimeout timeout, Boolean async, CancellationToken cancellationToken)
   at Npgsql.PoolingDataSource.<Get>g__RentAsync|34_0(NpgsqlConnection conn, NpgsqlTimeout timeout, Boolean async, CancellationToken cancellationToken)
   at Npgsql.NpgsqlConnection.<Open>g__OpenAsync|42_0(Boolean async, CancellationToken cancellationToken)
   at Npgsql.NpgsqlConnection.Open()
   at Microsoft.EntityFrameworkCore.Storage.RelationalConnection.OpenDbConnection(Boolean errorsExpected)
   at Microsoft.EntityFrameworkCore.Storage.RelationalConnection.OpenInternal(Boolean errorsExpected)
   at Microsoft.EntityFrameworkCore.Storage.RelationalConnection.Open(Boolean errorsExpected)
   at Microsoft.EntityFrameworkCore.Storage.RelationalCommand.ExecuteReader(RelationalCommandParameterObject parameterObject)
   at Microsoft.EntityFrameworkCore.Query.Internal.SingleQueryingEnumerable`1.Enumerator.InitializeReader(Enumerator enumerator)
   at Microsoft.EntityFrameworkCore.Query.Internal.SingleQueryingEnumerable`1.Enumerator.<>c.<MoveNext>b__21_0(DbContext _, Enumerator enumerator)
   at Npgsql.EntityFrameworkCore.PostgreSQL.Storage.Internal.NpgsqlExecutionStrategy.Execute[TState,TResult](TState state, Func`3 operation, Func`3 verifySucceeded)
   at Microsoft.EntityFrameworkCore.Query.Internal.SingleQueryingEnumerable`1.Enumerator.MoveNext()
 - [2024-04-10 10:20:40.357 +00:00  INF]  Long Running Request: GetExportHistoryQuery (9427 milliseconds) {"Range":10,"PageNumber":1,"LocationName":null,"StartDate":null,"EndDate":null,"$type":"GetExportHistoryQuery"}
 - [2024-04-10 10:20:40.606 +00:00  INF]  Executed action RaportAPI.Controllers.ExportsHistoryController.GetExportsHistory (RaportAPI) in 10116.4669ms
 - [2024-04-10 10:20:40.611 +00:00  INF]  Executed endpoint 'RaportAPI.Controllers.ExportsHistoryController.GetExportsHistory (RaportAPI)'
 - [2024-04-10 10:20:40.715 +00:00  ERR]  Something went wrong: System.Net.Sockets.SocketException (00000005, 0xFFFDFFFF): Name or service not known
   at System.Net.Dns.GetHostEntryOrAddressesCore(String hostName, Boolean justAddresses, AddressFamily addressFamily, Nullable`1 startingTimestamp)
   at System.Net.Dns.GetHostAddresses(String hostNameOrAddress, AddressFamily family)
   at Npgsql.Internal.NpgsqlConnector.Connect(NpgsqlTimeout timeout)
   at Npgsql.Internal.NpgsqlConnector.RawOpen(SslMode sslMode, NpgsqlTimeout timeout, Boolean async, CancellationToken cancellationToken, Boolean isFirstAttempt)
   at Npgsql.Internal.NpgsqlConnector.<Open>g__OpenCore|213_1(NpgsqlConnector conn, SslMode sslMode, NpgsqlTimeout timeout, Boolean async, CancellationToken cancellationToken, Boolean isFirstAttempt)
   at Npgsql.Internal.NpgsqlConnector.Open(NpgsqlTimeout timeout, Boolean async, CancellationToken cancellationToken)
   at Npgsql.PoolingDataSource.OpenNewConnector(NpgsqlConnection conn, NpgsqlTimeout timeout, Boolean async, CancellationToken cancellationToken)
   at Npgsql.PoolingDataSource.<Get>g__RentAsync|34_0(NpgsqlConnection conn, NpgsqlTimeout timeout, Boolean async, CancellationToken cancellationToken)
   at Npgsql.NpgsqlConnection.<Open>g__OpenAsync|42_0(Boolean async, CancellationToken cancellationToken)
   at Npgsql.NpgsqlConnection.Open()
   at Microsoft.EntityFrameworkCore.Storage.RelationalConnection.OpenDbConnection(Boolean errorsExpected)
   at Microsoft.EntityFrameworkCore.Storage.RelationalConnection.OpenInternal(Boolean errorsExpected)
   at Microsoft.EntityFrameworkCore.Storage.RelationalConnection.Open(Boolean errorsExpected)
   at Microsoft.EntityFrameworkCore.Storage.RelationalCommand.ExecuteReader(RelationalCommandParameterObject parameterObject)
   at Microsoft.EntityFrameworkCore.Query.Internal.SingleQueryingEnumerable`1.Enumerator.InitializeReader(Enumerator enumerator)
   at Microsoft.EntityFrameworkCore.Query.Internal.SingleQueryingEnumerable`1.Enumerator.<>c.<MoveNext>b__21_0(DbContext _, Enumerator enumerator)
   at Npgsql.EntityFrameworkCore.PostgreSQL.Storage.Internal.NpgsqlExecutionStrategy.Execute[TState,TResult](TState state, Func`3 operation, Func`3 verifySucceeded)
   at Microsoft.EntityFrameworkCore.Query.Internal.SingleQueryingEnumerable`1.Enumerator.MoveNext()
   at System.Linq.Enumerable.TryGetSingle[TSource](IEnumerable`1 source, Boolean& found)
   at lambda_method13(Closure, QueryContext)
   at Microsoft.EntityFrameworkCore.Query.Internal.QueryCompiler.Execute[TResult](Expression query)
   at Microsoft.EntityFrameworkCore.Query.Internal.EntityQueryProvider.Execute[TResult](Expression expression)
   at RaportAPI.Infrastructure.Infrastructure.Services.ExportsHistoryService.GetExportsHistoryAsync(GetExportHistoryQuery query, CancellationToken cancellationToken) in E:\LSI\RaportProject\RaportAPI\RaportAPI\Infrastructure\Infrastructure\Services\ExportsHistoryService.cs:line 42
   at RaportAPI.Core.Application.Raports.Queries.GetRaports.GetExportHistoryQueryHandler.Handle(GetExportHistoryQuery request, CancellationToken cancellationToken) in E:\LSI\RaportProject\RaportAPI\RaportAPI\Core\Application\ExportHistory\Queries\GetExportHistory\GetExportHistoryQueryHandler.cs:line 17
   at RaportAPI.Core.Application.Common.Behaviours.ValidationBehaviour`2.Handle(TRequest request, RequestHandlerDelegate`1 next, CancellationToken cancellationToken) in E:\LSI\RaportProject\RaportAPI\RaportAPI\Core\Application\Common\Behaviours\ValidationBehaviour.cs:line 28
   at RaportAPI.Controllers.ExportsHistoryController.GetExportsHistory(Int32 page, Int32 range, String locationName, String startDate, String endDate, CancellationToken cancellationToken) in E:\LSI\RaportProject\RaportAPI\RaportAPI\Controllers\ExportsHistoryController.cs:line 58
   at lambda_method6(Closure, Object)
   at Microsoft.AspNetCore.Mvc.Infrastructure.ActionMethodExecutor.AwaitableObjectResultExecutor.Execute(ActionContext actionContext, IActionResultTypeMapper mapper, ObjectMethodExecutor executor, Object controller, Object[] arguments)
   at Microsoft.AspNetCore.Mvc.Infrastructure.ControllerActionInvoker.<InvokeActionMethodAsync>g__Awaited|12_0(ControllerActionInvoker invoker, ValueTask`1 actionResultValueTask)
   at Microsoft.AspNetCore.Mvc.Infrastructure.ControllerActionInvoker.<InvokeNextActionFilterAsync>g__Awaited|10_0(ControllerActionInvoker invoker, Task lastTask, State next, Scope scope, Object state, Boolean isCompleted)
   at Microsoft.AspNetCore.Mvc.Infrastructure.ControllerActionInvoker.Rethrow(ActionExecutedContextSealed context)
   at Microsoft.AspNetCore.Mvc.Infrastructure.ControllerActionInvoker.Next(State& next, Scope& scope, Object& state, Boolean& isCompleted)
   at Microsoft.AspNetCore.Mvc.Infrastructure.ControllerActionInvoker.InvokeInnerFilterAsync()
--- End of stack trace from previous location ---
   at Microsoft.AspNetCore.Mvc.Infrastructure.ResourceInvoker.<InvokeFilterPipelineAsync>g__Awaited|20_0(ResourceInvoker invoker, Task lastTask, State next, Scope scope, Object state, Boolean isCompleted)
   at Microsoft.AspNetCore.Mvc.Infrastructure.ResourceInvoker.<InvokeAsync>g__Logged|17_1(ResourceInvoker invoker)
   at Microsoft.AspNetCore.Mvc.Infrastructure.ResourceInvoker.<InvokeAsync>g__Logged|17_1(ResourceInvoker invoker)
   at Microsoft.AspNetCore.Routing.EndpointMiddleware.<Invoke>g__AwaitRequestTask|7_0(Endpoint endpoint, Task requestTask, ILogger logger)
   at RaportAPI.Core.Common.Middlewares.GlobalErrorHandlingMiddleware.InvokeAsync(HttpContext httpContext) in E:\LSI\RaportProject\RaportAPI\RaportAPI\Core\Common\Middlewares\GlobalErrorHandlingMiddleware.cs:line 21
 - [2024-04-10 10:20:41.263 +00:00  INF]  Request finished HTTP/2 GET https://localhost:32770/api/exports-history?page=1&range=10 - 500 null application/json 11297.3518ms
 - [2024-04-10 10:21:34.049 +00:00  INF]  Now listening on: http://[::]:8080
 - [2024-04-10 10:21:34.181 +00:00  INF]  Now listening on: https://[::]:8081
 - [2024-04-10 10:21:34.184 +00:00  INF]  Application started. Press Ctrl+C to shut down.
 - [2024-04-10 10:21:34.187 +00:00  INF]  Hosting environment: Development
 - [2024-04-10 10:21:34.188 +00:00  INF]  Content root path: /app
 - [2024-04-10 10:21:36.200 +00:00  INF]  Request starting HTTP/2 GET https://localhost:32772/swagger - null null
 - [2024-04-10 10:21:36.312 +00:00  INF]  Request finished HTTP/2 GET https://localhost:32772/swagger - 301 0 null 112.7245ms
 - [2024-04-10 10:21:36.481 +00:00  INF]  Request starting HTTP/2 GET https://localhost:32772/swagger/index.html - null null
 - [2024-04-10 10:21:36.882 +00:00  INF]  Request finished HTTP/2 GET https://localhost:32772/swagger/index.html - 200 null text/html;charset=utf-8 401.321ms
 - [2024-04-10 10:21:37.239 +00:00  INF]  Request starting HTTP/2 GET https://localhost:32772/swagger/swagger-ui.css - null null
 - [2024-04-10 10:21:37.239 +00:00  INF]  Request starting HTTP/2 GET https://localhost:32772/swagger/swagger-ui-standalone-preset.js - null null
 - [2024-04-10 10:21:37.239 +00:00  INF]  Request starting HTTP/2 GET https://localhost:32772/swagger/swagger-ui-bundle.js - null null
 - [2024-04-10 10:21:37.398 +00:00  INF]  Sending file. Request path: '/swagger-ui.css'. Physical path: 'N/A'
 - [2024-04-10 10:21:37.421 +00:00  INF]  Request finished HTTP/2 GET https://localhost:32772/swagger/swagger-ui.css - 200 144929 text/css 182.8474ms
 - [2024-04-10 10:21:37.666 +00:00  INF]  Sending file. Request path: '/swagger-ui-standalone-preset.js'. Physical path: 'N/A'
 - [2024-04-10 10:21:37.688 +00:00  INF]  Request finished HTTP/2 GET https://localhost:32772/swagger/swagger-ui-standalone-preset.js - 200 312163 text/javascript 448.5182ms
 - [2024-04-10 10:21:38.162 +00:00  INF]  Sending file. Request path: '/swagger-ui-bundle.js'. Physical path: 'N/A'
 - [2024-04-10 10:21:38.354 +00:00  INF]  Request finished HTTP/2 GET https://localhost:32772/swagger/swagger-ui-bundle.js - 200 1061536 text/javascript 1115.1615ms
 - [2024-04-10 10:21:39.183 +00:00  INF]  Request starting HTTP/2 GET https://localhost:32772/swagger/v1/swagger.json - null null
 - [2024-04-10 10:21:39.185 +00:00  INF]  Request starting HTTP/2 GET https://localhost:32772/swagger/favicon-32x32.png - null null
 - [2024-04-10 10:21:39.207 +00:00  INF]  Sending file. Request path: '/favicon-32x32.png'. Physical path: 'N/A'
 - [2024-04-10 10:21:39.209 +00:00  INF]  Request finished HTTP/2 GET https://localhost:32772/swagger/favicon-32x32.png - 200 628 image/png 24.3339ms
 - [2024-04-10 10:21:39.466 +00:00  INF]  Request finished HTTP/2 GET https://localhost:32772/swagger/v1/swagger.json - 200 null application/json;charset=utf-8 284.4029ms
 - [2024-04-10 10:21:46.503 +00:00  INF]  Request starting HTTP/2 GET https://localhost:32772/api/exports-history?page=1&range=10 - null null
 - [2024-04-10 10:21:46.553 +00:00  INF]  Executing endpoint 'RaportAPI.Controllers.ExportsHistoryController.GetExportsHistory (RaportAPI)'
 - [2024-04-10 10:21:46.618 +00:00  INF]  Route matched with {action = "GetExportsHistory", controller = "ExportsHistory"}. Executing controller action with signature System.Threading.Tasks.Task`1[Microsoft.AspNetCore.Mvc.ActionResult`1[RaportAPI.Core.Application.Raports.Queries.GetRaports.ExportHistoryVm]] GetExportsHistory(Int32, Int32, System.String, System.String, System.String, System.Threading.CancellationToken) on controller RaportAPI.Controllers.ExportsHistoryController (RaportAPI).
 - [2024-04-10 10:21:53.219 +00:00  ERR]  An error occurred using the connection to database 'RaportsDB' on server 'tcp://RaportsDB:5432'.
 - [2024-04-10 10:21:53.260 +00:00  ERR]  An exception occurred while iterating over the results of a query for context type 'RaportAPI.Infrastructure.Persistence.RaportsDbContext'.
System.Net.Sockets.SocketException (00000005, 0xFFFDFFFF): Name or service not known
   at System.Net.Dns.GetHostEntryOrAddressesCore(String hostName, Boolean justAddresses, AddressFamily addressFamily, Nullable`1 startingTimestamp)
   at System.Net.Dns.GetHostAddresses(String hostNameOrAddress, AddressFamily family)
   at Npgsql.Internal.NpgsqlConnector.Connect(NpgsqlTimeout timeout)
   at Npgsql.Internal.NpgsqlConnector.RawOpen(SslMode sslMode, NpgsqlTimeout timeout, Boolean async, CancellationToken cancellationToken, Boolean isFirstAttempt)
   at Npgsql.Internal.NpgsqlConnector.<Open>g__OpenCore|213_1(NpgsqlConnector conn, SslMode sslMode, NpgsqlTimeout timeout, Boolean async, CancellationToken cancellationToken, Boolean isFirstAttempt)
   at Npgsql.Internal.NpgsqlConnector.Open(NpgsqlTimeout timeout, Boolean async, CancellationToken cancellationToken)
   at Npgsql.PoolingDataSource.OpenNewConnector(NpgsqlConnection conn, NpgsqlTimeout timeout, Boolean async, CancellationToken cancellationToken)
   at Npgsql.PoolingDataSource.<Get>g__RentAsync|34_0(NpgsqlConnection conn, NpgsqlTimeout timeout, Boolean async, CancellationToken cancellationToken)
   at Npgsql.NpgsqlConnection.<Open>g__OpenAsync|42_0(Boolean async, CancellationToken cancellationToken)
   at Npgsql.NpgsqlConnection.Open()
   at Microsoft.EntityFrameworkCore.Storage.RelationalConnection.OpenDbConnection(Boolean errorsExpected)
   at Microsoft.EntityFrameworkCore.Storage.RelationalConnection.OpenInternal(Boolean errorsExpected)
   at Microsoft.EntityFrameworkCore.Storage.RelationalConnection.Open(Boolean errorsExpected)
   at Microsoft.EntityFrameworkCore.Storage.RelationalCommand.ExecuteReader(RelationalCommandParameterObject parameterObject)
   at Microsoft.EntityFrameworkCore.Query.Internal.SingleQueryingEnumerable`1.Enumerator.InitializeReader(Enumerator enumerator)
   at Microsoft.EntityFrameworkCore.Query.Internal.SingleQueryingEnumerable`1.Enumerator.<>c.<MoveNext>b__21_0(DbContext _, Enumerator enumerator)
   at Npgsql.EntityFrameworkCore.PostgreSQL.Storage.Internal.NpgsqlExecutionStrategy.Execute[TState,TResult](TState state, Func`3 operation, Func`3 verifySucceeded)
   at Microsoft.EntityFrameworkCore.Query.Internal.SingleQueryingEnumerable`1.Enumerator.MoveNext()
System.Net.Sockets.SocketException (00000005, 0xFFFDFFFF): Name or service not known
   at System.Net.Dns.GetHostEntryOrAddressesCore(String hostName, Boolean justAddresses, AddressFamily addressFamily, Nullable`1 startingTimestamp)
   at System.Net.Dns.GetHostAddresses(String hostNameOrAddress, AddressFamily family)
   at Npgsql.Internal.NpgsqlConnector.Connect(NpgsqlTimeout timeout)
   at Npgsql.Internal.NpgsqlConnector.RawOpen(SslMode sslMode, NpgsqlTimeout timeout, Boolean async, CancellationToken cancellationToken, Boolean isFirstAttempt)
   at Npgsql.Internal.NpgsqlConnector.<Open>g__OpenCore|213_1(NpgsqlConnector conn, SslMode sslMode, NpgsqlTimeout timeout, Boolean async, CancellationToken cancellationToken, Boolean isFirstAttempt)
   at Npgsql.Internal.NpgsqlConnector.Open(NpgsqlTimeout timeout, Boolean async, CancellationToken cancellationToken)
   at Npgsql.PoolingDataSource.OpenNewConnector(NpgsqlConnection conn, NpgsqlTimeout timeout, Boolean async, CancellationToken cancellationToken)
   at Npgsql.PoolingDataSource.<Get>g__RentAsync|34_0(NpgsqlConnection conn, NpgsqlTimeout timeout, Boolean async, CancellationToken cancellationToken)
   at Npgsql.NpgsqlConnection.<Open>g__OpenAsync|42_0(Boolean async, CancellationToken cancellationToken)
   at Npgsql.NpgsqlConnection.Open()
   at Microsoft.EntityFrameworkCore.Storage.RelationalConnection.OpenDbConnection(Boolean errorsExpected)
   at Microsoft.EntityFrameworkCore.Storage.RelationalConnection.OpenInternal(Boolean errorsExpected)
   at Microsoft.EntityFrameworkCore.Storage.RelationalConnection.Open(Boolean errorsExpected)
   at Microsoft.EntityFrameworkCore.Storage.RelationalCommand.ExecuteReader(RelationalCommandParameterObject parameterObject)
   at Microsoft.EntityFrameworkCore.Query.Internal.SingleQueryingEnumerable`1.Enumerator.InitializeReader(Enumerator enumerator)
   at Microsoft.EntityFrameworkCore.Query.Internal.SingleQueryingEnumerable`1.Enumerator.<>c.<MoveNext>b__21_0(DbContext _, Enumerator enumerator)
   at Npgsql.EntityFrameworkCore.PostgreSQL.Storage.Internal.NpgsqlExecutionStrategy.Execute[TState,TResult](TState state, Func`3 operation, Func`3 verifySucceeded)
   at Microsoft.EntityFrameworkCore.Query.Internal.SingleQueryingEnumerable`1.Enumerator.MoveNext()
 - [2024-04-10 10:21:53.506 +00:00  INF]  Long Running Request: GetExportHistoryQuery (6798 milliseconds) {"Range":10,"PageNumber":1,"LocationName":null,"StartDate":null,"EndDate":null,"$type":"GetExportHistoryQuery"}
 - [2024-04-10 10:21:53.608 +00:00  INF]  Executed action RaportAPI.Controllers.ExportsHistoryController.GetExportsHistory (RaportAPI) in 6979.5697ms
 - [2024-04-10 10:21:53.620 +00:00  INF]  Executed endpoint 'RaportAPI.Controllers.ExportsHistoryController.GetExportsHistory (RaportAPI)'
 - [2024-04-10 10:21:53.678 +00:00  ERR]  Something went wrong: System.Net.Sockets.SocketException (00000005, 0xFFFDFFFF): Name or service not known
   at System.Net.Dns.GetHostEntryOrAddressesCore(String hostName, Boolean justAddresses, AddressFamily addressFamily, Nullable`1 startingTimestamp)
   at System.Net.Dns.GetHostAddresses(String hostNameOrAddress, AddressFamily family)
   at Npgsql.Internal.NpgsqlConnector.Connect(NpgsqlTimeout timeout)
   at Npgsql.Internal.NpgsqlConnector.RawOpen(SslMode sslMode, NpgsqlTimeout timeout, Boolean async, CancellationToken cancellationToken, Boolean isFirstAttempt)
   at Npgsql.Internal.NpgsqlConnector.<Open>g__OpenCore|213_1(NpgsqlConnector conn, SslMode sslMode, NpgsqlTimeout timeout, Boolean async, CancellationToken cancellationToken, Boolean isFirstAttempt)
   at Npgsql.Internal.NpgsqlConnector.Open(NpgsqlTimeout timeout, Boolean async, CancellationToken cancellationToken)
   at Npgsql.PoolingDataSource.OpenNewConnector(NpgsqlConnection conn, NpgsqlTimeout timeout, Boolean async, CancellationToken cancellationToken)
   at Npgsql.PoolingDataSource.<Get>g__RentAsync|34_0(NpgsqlConnection conn, NpgsqlTimeout timeout, Boolean async, CancellationToken cancellationToken)
   at Npgsql.NpgsqlConnection.<Open>g__OpenAsync|42_0(Boolean async, CancellationToken cancellationToken)
   at Npgsql.NpgsqlConnection.Open()
   at Microsoft.EntityFrameworkCore.Storage.RelationalConnection.OpenDbConnection(Boolean errorsExpected)
   at Microsoft.EntityFrameworkCore.Storage.RelationalConnection.OpenInternal(Boolean errorsExpected)
   at Microsoft.EntityFrameworkCore.Storage.RelationalConnection.Open(Boolean errorsExpected)
   at Microsoft.EntityFrameworkCore.Storage.RelationalCommand.ExecuteReader(RelationalCommandParameterObject parameterObject)
   at Microsoft.EntityFrameworkCore.Query.Internal.SingleQueryingEnumerable`1.Enumerator.InitializeReader(Enumerator enumerator)
   at Microsoft.EntityFrameworkCore.Query.Internal.SingleQueryingEnumerable`1.Enumerator.<>c.<MoveNext>b__21_0(DbContext _, Enumerator enumerator)
   at Npgsql.EntityFrameworkCore.PostgreSQL.Storage.Internal.NpgsqlExecutionStrategy.Execute[TState,TResult](TState state, Func`3 operation, Func`3 verifySucceeded)
   at Microsoft.EntityFrameworkCore.Query.Internal.SingleQueryingEnumerable`1.Enumerator.MoveNext()
   at System.Linq.Enumerable.TryGetSingle[TSource](IEnumerable`1 source, Boolean& found)
   at lambda_method13(Closure, QueryContext)
   at Microsoft.EntityFrameworkCore.Query.Internal.QueryCompiler.Execute[TResult](Expression query)
   at Microsoft.EntityFrameworkCore.Query.Internal.EntityQueryProvider.Execute[TResult](Expression expression)
   at RaportAPI.Infrastructure.Infrastructure.Services.ExportsHistoryService.GetExportsHistoryAsync(GetExportHistoryQuery query, CancellationToken cancellationToken) in E:\LSI\RaportProject\RaportAPI\RaportAPI\Infrastructure\Infrastructure\Services\ExportsHistoryService.cs:line 42
   at RaportAPI.Core.Application.Raports.Queries.GetRaports.GetExportHistoryQueryHandler.Handle(GetExportHistoryQuery request, CancellationToken cancellationToken) in E:\LSI\RaportProject\RaportAPI\RaportAPI\Core\Application\ExportHistory\Queries\GetExportHistory\GetExportHistoryQueryHandler.cs:line 17
   at RaportAPI.Core.Application.Common.Behaviours.ValidationBehaviour`2.Handle(TRequest request, RequestHandlerDelegate`1 next, CancellationToken cancellationToken) in E:\LSI\RaportProject\RaportAPI\RaportAPI\Core\Application\Common\Behaviours\ValidationBehaviour.cs:line 28
   at RaportAPI.Controllers.ExportsHistoryController.GetExportsHistory(Int32 page, Int32 range, String locationName, String startDate, String endDate, CancellationToken cancellationToken) in E:\LSI\RaportProject\RaportAPI\RaportAPI\Controllers\ExportsHistoryController.cs:line 58
   at lambda_method6(Closure, Object)
   at Microsoft.AspNetCore.Mvc.Infrastructure.ActionMethodExecutor.AwaitableObjectResultExecutor.Execute(ActionContext actionContext, IActionResultTypeMapper mapper, ObjectMethodExecutor executor, Object controller, Object[] arguments)
   at Microsoft.AspNetCore.Mvc.Infrastructure.ControllerActionInvoker.<InvokeActionMethodAsync>g__Awaited|12_0(ControllerActionInvoker invoker, ValueTask`1 actionResultValueTask)
   at Microsoft.AspNetCore.Mvc.Infrastructure.ControllerActionInvoker.<InvokeNextActionFilterAsync>g__Awaited|10_0(ControllerActionInvoker invoker, Task lastTask, State next, Scope scope, Object state, Boolean isCompleted)
   at Microsoft.AspNetCore.Mvc.Infrastructure.ControllerActionInvoker.Rethrow(ActionExecutedContextSealed context)
   at Microsoft.AspNetCore.Mvc.Infrastructure.ControllerActionInvoker.Next(State& next, Scope& scope, Object& state, Boolean& isCompleted)
   at Microsoft.AspNetCore.Mvc.Infrastructure.ControllerActionInvoker.InvokeInnerFilterAsync()
--- End of stack trace from previous location ---
   at Microsoft.AspNetCore.Mvc.Infrastructure.ResourceInvoker.<InvokeFilterPipelineAsync>g__Awaited|20_0(ResourceInvoker invoker, Task lastTask, State next, Scope scope, Object state, Boolean isCompleted)
   at Microsoft.AspNetCore.Mvc.Infrastructure.ResourceInvoker.<InvokeAsync>g__Logged|17_1(ResourceInvoker invoker)
   at Microsoft.AspNetCore.Mvc.Infrastructure.ResourceInvoker.<InvokeAsync>g__Logged|17_1(ResourceInvoker invoker)
   at Microsoft.AspNetCore.Routing.EndpointMiddleware.<Invoke>g__AwaitRequestTask|7_0(Endpoint endpoint, Task requestTask, ILogger logger)
   at RaportAPI.Core.Common.Middlewares.GlobalErrorHandlingMiddleware.InvokeAsync(HttpContext httpContext) in E:\LSI\RaportProject\RaportAPI\RaportAPI\Core\Common\Middlewares\GlobalErrorHandlingMiddleware.cs:line 21
 - [2024-04-10 10:21:53.973 +00:00  INF]  Request finished HTTP/2 GET https://localhost:32772/api/exports-history?page=1&range=10 - 500 null application/json 7474.0671ms
